<?xml version="1.0" encoding="UTF-8"?>
<testng-results skipped="0" failed="0" ignored="0" total="1" passed="1">
  <reporter-output>
    <line>
      <![CDATA[Reporter:2019-03-19 16:11:21===>Login start...]]>
    </line>
    <line>
      <![CDATA[Reporter:2019-03-19 16:11:49===>...login end
]]>
    </line>
  </reporter-output>
  <suite name="Suite" duration-ms="32423" started-at="2019-03-19T08:11:17Z" finished-at="2019-03-19T08:11:49Z">
    <groups>
      <group name="login">
        <method signature="LoginTestSuiteTestNG.Login_phone_TestCase_01()[pri:0, instance:logo.testsuite.login.LoginTestSuiteTestNG@78c03f1f]" name="Login_phone_TestCase_01" class="logo.testsuite.login.LoginTestSuiteTestNG"/>
      </group> <!-- login -->
    </groups>
    <test name="Test" duration-ms="32423" started-at="2019-03-19T08:11:17Z" finished-at="2019-03-19T08:11:49Z">
      <class name="logo.testsuite.login.LoginTestSuiteTestNG">
        <test-method status="PASS" signature="Login_phone_TestCase_01()[pri:0, instance:logo.testsuite.login.LoginTestSuiteTestNG@78c03f1f]" name="Login_phone_TestCase_01" duration-ms="32394" started-at="2019-03-19T16:11:17Z" finished-at="2019-03-19T16:11:49Z">
          <reporter-output>
            <line>
              <![CDATA[Reporter:2019-03-19 16:11:21===>Login start...]]>
            </line>
            <line>
              <![CDATA[Reporter:2019-03-19 16:11:49===>...login end
]]>
            </line>
          </reporter-output>
        </test-method> <!-- Login_phone_TestCase_01 -->
      </class> <!-- logo.testsuite.login.LoginTestSuiteTestNG -->
    </test> <!-- Test -->
  </suite> <!-- Suite -->
</testng-results>
